📦 Ditemukan total 544 screenshot di folder bukti-polling.
🆕 Yang belum pernah dikirim: 42 file.

🌐 Membuka browser otomatis...
🖥️ DISPLAY terdeteksi. Menjalankan browser non-headless.
🌐 Menggunakan browser system: /usr/bin/chromium-browser

======================================
🚀 Memproses Submit Form ke-1 (Membawa 42 Screenshot)
======================================
🧹 Menghapus draft form lama agar form bersih...
✨ Draft form berhasil dikosongkan.

1. Mengisi Nama dan NIK...
2. Memilih Jabatan dan Unit Kerja...
3. Mengisi Tanggal...
4. Mulai Mengupload Gambar...
   -> Mengupload batch slot ke-1 (10 file)...
      Fokus ke section: Upload Evidence Polling 1-10
      Upload attempt 1/3
🔍 Mencari container untuk section: Upload Evidence Polling 1-10...
      Menunggu modal Insert file terbuka...
      Klik Browse via frame_locator...
   -> Menunggu proses upload selesai (mohon bersabar)...
   -> Slot Upload Evidence Polling 1-10 selesai!
   -> Mengupload batch slot ke-2 (10 file)...
      Fokus ke section: Upload Evidence Polling 11-20
      Upload attempt 1/3
🔍 Mencari container untuk section: Upload Evidence Polling 11-20...
      Menunggu modal Insert file terbuka...
      Klik Browse via frame_locator...
   -> Menunggu proses upload selesai (mohon bersabar)...
   -> Slot Upload Evidence Polling 11-20 selesai!
   -> Mengupload batch slot ke-3 (10 file)...
      Fokus ke section: Upload Evidence Polling 21-30
      Upload attempt 1/3
🔍 Mencari container untuk section: Upload Evidence Polling 21-30...
      Menunggu modal Insert file terbuka...
      Klik Browse via frame_locator...
   -> Menunggu proses upload selesai (mohon bersabar)...
   -> Slot Upload Evidence Polling 21-30 selesai!
   -> Mengupload batch slot ke-4 (10 file)...
      Fokus ke section: Upload Evidence Polling 31-40
      Upload attempt 1/3
🔍 Mencari container untuk section: Upload Evidence Polling 31-40...
      Menunggu modal Insert file terbuka...
      Klik Browse via frame_locator...
   -> Menunggu proses upload selesai (mohon bersabar)...
   -> Slot Upload Evidence Polling 31-40 selesai!
   -> Mengupload batch slot ke-5 (2 file)...
      Fokus ke section: Upload Evidence Polling 41-50
      Upload attempt 1/3
🔍 Mencari container untuk section: Upload Evidence Polling 41-50...
      Menunggu modal Insert file terbuka...
      Klik Browse via frame_locator...
   -> Menunggu proses upload selesai (mohon bersabar)...
   -> Slot Upload Evidence Polling 41-50 selesai!

5. Mencentang Persetujuan...
6. Mengirim Form...
Menunggu konfirmasi...
✅ Form ke-1 BERHASIL DIKIRIM! (deteksi halaman sukses)
📝 Menandai 42 file sebagai sudah terkirim di /home/rafli/auto-pooling/submitted_gform.json

🎉 SELAMAT! SEMUA BUKTI POLLING TELAH SELESAI DI-SUBMIT KE GOOGLE FORM!
📦 Ditemukan total 1104 screenshot di folder bukti-polling.
🆕 Yang belum pernah dikirim: 10 file.

🌐 Membuka browser otomatis...
🖥️ DISPLAY terdeteksi. Menjalankan browser non-headless.
🌐 Menggunakan browser system: /usr/bin/chromium-browser

======================================
🚀 Memproses Submit Form ke-1 (Membawa 10 Screenshot)
======================================
🧹 Menghapus draft form lama agar form bersih...
✨ Draft form berhasil dikosongkan.

1. Mengisi Nama dan NIK...
2. Memilih Jabatan dan Unit Kerja...
3. Mengisi Tanggal...
4. Mulai Mengupload Gambar...
   -> Mengupload batch slot ke-1 (10 file)...
      Fokus ke section: Upload Evidence Polling 1-10
      Upload attempt 1/3
🔍 Mencari container untuk section: Upload Evidence Polling 1-10...
      Menunggu modal Insert file terbuka...
      Klik Browse via frame_locator...
   -> Menunggu proses upload selesai (mohon bersabar)...
   -> Slot Upload Evidence Polling 1-10 selesai!

5. Mencentang Persetujuan...
6. Mengirim Form...
Menunggu konfirmasi...
✅ Form ke-1 BERHASIL DIKIRIM! (deteksi halaman sukses)
📝 Menandai 10 file sebagai sudah terkirim di /home/rafli/auto-pooling/submitted_gform.json

🎉 SELAMAT! SEMUA BUKTI POLLING TELAH SELESAI DI-SUBMIT KE GOOGLE FORM!
